<?xml version="1.0" encoding="UTF-8"?>
<!-- Generated by org.testng.reporters.JUnitReportReporter -->
<testsuite skipped="0" hostname="hello-PC" name="com.qa.test.NewTest" tests="2" failures="0" timestamp="16 Jun 2018 06:10:10 GMT" time="0.031" errors="0">
  <testcase name="t1" time="0.026" classname="com.qa.test.NewTest"/>
  <testcase name="t2" time="0.005" classname="com.qa.test.NewTest"/>
</testsuite> <!-- com.qa.test.NewTest -->
